<?xml version="1.0" encoding="UTF-8"?>
<testsuite xmlns:xsi="http://www.w3.org/2001/XMLSchema-instance" xsi:noNamespaceSchemaLocation="https://maven.apache.org/surefire/maven-surefire-plugin/xsd/surefire-test-report.xsd" name="typerule.FunctionDefTypeRuleTest" time="0.011" tests="5" errors="0" skipped="0" failures="0">
  <properties>
    <property name="java.specification.version" value="15"/>
    <property name="sun.jnu.encoding" value="UTF-8"/>
    <property name="java.class.path" value="/Users/Leo/Resource/GitHub/pa2-chocopy-semantic-analysis-shw/target/test-classes:/Users/Leo/Resource/GitHub/pa2-chocopy-semantic-analysis-shw/target/classes:/Users/Leo/.m2/repository/net/sourceforge/argparse4j/argparse4j/0.8.1/argparse4j-0.8.1.jar:/Users/Leo/.m2/repository/com/fasterxml/jackson/core/jackson-databind/2.12.3/jackson-databind-2.12.3.jar:/Users/Leo/.m2/repository/com/fasterxml/jackson/core/jackson-annotations/2.12.3/jackson-annotations-2.12.3.jar:/Users/Leo/.m2/repository/com/fasterxml/jackson/core/jackson-core/2.12.3/jackson-core-2.12.3.jar:/Users/Leo/.m2/repository/com/fasterxml/jackson/module/jackson-module-parameter-names/2.9.10/jackson-module-parameter-names-2.9.10.jar:/Users/Leo/.m2/repository/com/github/vbmacher/java-cup-runtime/11b-20160615/java-cup-runtime-11b-20160615.jar:/Users/Leo/.m2/repository/de/jflex/jflex/1.6.1/jflex-1.6.1.jar:/Users/Leo/.m2/repository/org/apache/ant/ant/1.7.0/ant-1.7.0.jar:/Users/Leo/.m2/repository/org/apache/ant/ant-launcher/1.7.0/ant-launcher-1.7.0.jar:/Users/Leo/.m2/repository/org/jetbrains/kotlin/kotlin-stdlib/1.2.71/kotlin-stdlib-1.2.71.jar:/Users/Leo/.m2/repository/org/jetbrains/kotlin/kotlin-stdlib-common/1.2.71/kotlin-stdlib-common-1.2.71.jar:/Users/Leo/.m2/repository/org/jetbrains/annotations/13.0/annotations-13.0.jar:/Users/Leo/.m2/repository/edu/berkeley/eecs/venus164/venus164/0.2.4/venus164-0.2.4.jar:/Users/Leo/.m2/repository/junit/junit/4.12/junit-4.12.jar:/Users/Leo/.m2/repository/org/hamcrest/hamcrest-core/1.3/hamcrest-core-1.3.jar:/Users/Leo/.m2/repository/net/sf/proguard/proguard-base/6.0.3/proguard-base-6.0.3.jar:/Users/Leo/.m2/repository/com/googlecode/json-simple/json-simple/1.1.1/json-simple-1.1.1.jar:/Users/Leo/.m2/repository/org/mockito/mockito-all/1.10.19/mockito-all-1.10.19.jar:/Users/Leo/.m2/repository/org/hamcrest/hamcrest/2.2/hamcrest-2.2.jar:/Users/Leo/.m2/repository/org/junit/jupiter/junit-jupiter-api/5.4.2/junit-jupiter-api-5.4.2.jar:/Users/Leo/.m2/repository/org/apiguardian/apiguardian-api/1.0.0/apiguardian-api-1.0.0.jar:/Users/Leo/.m2/repository/org/opentest4j/opentest4j/1.1.1/opentest4j-1.1.1.jar:/Users/Leo/.m2/repository/org/junit/platform/junit-platform-commons/1.4.2/junit-platform-commons-1.4.2.jar:/Users/Leo/.m2/repository/org/junit/jupiter/junit-jupiter-engine/5.4.2/junit-jupiter-engine-5.4.2.jar:/Users/Leo/.m2/repository/org/junit/platform/junit-platform-engine/1.4.2/junit-platform-engine-1.4.2.jar:"/>
    <property name="java.vm.vendor" value="Oracle Corporation"/>
    <property name="sun.arch.data.model" value="64"/>
    <property name="java.vendor.url" value="https://openjdk.java.net/"/>
    <property name="os.name" value="Mac OS X"/>
    <property name="java.vm.specification.version" value="15"/>
    <property name="sun.java.launcher" value="SUN_STANDARD"/>
    <property name="user.country" value="TW"/>
    <property name="sun.boot.library.path" value="/usr/local/Cellar/openjdk/15.0.1/libexec/openjdk.jdk/Contents/Home/lib"/>
    <property name="sun.java.command" value="/Users/Leo/Resource/GitHub/pa2-chocopy-semantic-analysis-shw/target/surefire/surefirebooter9705124698796497309.jar /Users/Leo/Resource/GitHub/pa2-chocopy-semantic-analysis-shw/target/surefire 2021-04-14T15-38-26_981-jvmRun1 surefire7821702380548240428tmp surefire_07284032985138692505tmp"/>
    <property name="http.nonProxyHosts" value="local|*.local|169.254/16|*.169.254/16"/>
    <property name="jdk.debug" value="release"/>
    <property name="surefire.test.class.path" value="/Users/Leo/Resource/GitHub/pa2-chocopy-semantic-analysis-shw/target/test-classes:/Users/Leo/Resource/GitHub/pa2-chocopy-semantic-analysis-shw/target/classes:/Users/Leo/.m2/repository/net/sourceforge/argparse4j/argparse4j/0.8.1/argparse4j-0.8.1.jar:/Users/Leo/.m2/repository/com/fasterxml/jackson/core/jackson-databind/2.12.3/jackson-databind-2.12.3.jar:/Users/Leo/.m2/repository/com/fasterxml/jackson/core/jackson-annotations/2.12.3/jackson-annotations-2.12.3.jar:/Users/Leo/.m2/repository/com/fasterxml/jackson/core/jackson-core/2.12.3/jackson-core-2.12.3.jar:/Users/Leo/.m2/repository/com/fasterxml/jackson/module/jackson-module-parameter-names/2.9.10/jackson-module-parameter-names-2.9.10.jar:/Users/Leo/.m2/repository/com/github/vbmacher/java-cup-runtime/11b-20160615/java-cup-runtime-11b-20160615.jar:/Users/Leo/.m2/repository/de/jflex/jflex/1.6.1/jflex-1.6.1.jar:/Users/Leo/.m2/repository/org/apache/ant/ant/1.7.0/ant-1.7.0.jar:/Users/Leo/.m2/repository/org/apache/ant/ant-launcher/1.7.0/ant-launcher-1.7.0.jar:/Users/Leo/.m2/repository/org/jetbrains/kotlin/kotlin-stdlib/1.2.71/kotlin-stdlib-1.2.71.jar:/Users/Leo/.m2/repository/org/jetbrains/kotlin/kotlin-stdlib-common/1.2.71/kotlin-stdlib-common-1.2.71.jar:/Users/Leo/.m2/repository/org/jetbrains/annotations/13.0/annotations-13.0.jar:/Users/Leo/.m2/repository/edu/berkeley/eecs/venus164/venus164/0.2.4/venus164-0.2.4.jar:/Users/Leo/.m2/repository/junit/junit/4.12/junit-4.12.jar:/Users/Leo/.m2/repository/org/hamcrest/hamcrest-core/1.3/hamcrest-core-1.3.jar:/Users/Leo/.m2/repository/net/sf/proguard/proguard-base/6.0.3/proguard-base-6.0.3.jar:/Users/Leo/.m2/repository/com/googlecode/json-simple/json-simple/1.1.1/json-simple-1.1.1.jar:/Users/Leo/.m2/repository/org/mockito/mockito-all/1.10.19/mockito-all-1.10.19.jar:/Users/Leo/.m2/repository/org/hamcrest/hamcrest/2.2/hamcrest-2.2.jar:/Users/Leo/.m2/repository/org/junit/jupiter/junit-jupiter-api/5.4.2/junit-jupiter-api-5.4.2.jar:/Users/Leo/.m2/repository/org/apiguardian/apiguardian-api/1.0.0/apiguardian-api-1.0.0.jar:/Users/Leo/.m2/repository/org/opentest4j/opentest4j/1.1.1/opentest4j-1.1.1.jar:/Users/Leo/.m2/repository/org/junit/platform/junit-platform-commons/1.4.2/junit-platform-commons-1.4.2.jar:/Users/Leo/.m2/repository/org/junit/jupiter/junit-jupiter-engine/5.4.2/junit-jupiter-engine-5.4.2.jar:/Users/Leo/.m2/repository/org/junit/platform/junit-platform-engine/1.4.2/junit-platform-engine-1.4.2.jar:"/>
    <property name="sun.cpu.endian" value="little"/>
    <property name="user.home" value="/Users/Leo"/>
    <property name="user.language" value="en"/>
    <property name="java.specification.vendor" value="Oracle Corporation"/>
    <property name="java.version.date" value="2020-10-20"/>
    <property name="java.home" value="/usr/local/Cellar/openjdk/15.0.1/libexec/openjdk.jdk/Contents/Home"/>
    <property name="file.separator" value="/"/>
    <property name="basedir" value="/Users/Leo/Resource/GitHub/pa2-chocopy-semantic-analysis-shw"/>
    <property name="java.vm.compressedOopsMode" value="Zero based"/>
    <property name="line.separator" value="&#10;"/>
    <property name="java.specification.name" value="Java Platform API Specification"/>
    <property name="java.vm.specification.vendor" value="Oracle Corporation"/>
    <property name="surefire.real.class.path" value="/Users/Leo/Resource/GitHub/pa2-chocopy-semantic-analysis-shw/target/surefire/surefirebooter9705124698796497309.jar"/>
    <property name="sun.management.compiler" value="HotSpot 64-Bit Tiered Compilers"/>
    <property name="ftp.nonProxyHosts" value="local|*.local|169.254/16|*.169.254/16"/>
    <property name="java.runtime.version" value="15.0.1+9"/>
    <property name="user.name" value="Leo"/>
    <property name="path.separator" value=":"/>
    <property name="os.version" value="10.15.7"/>
    <property name="java.runtime.name" value="OpenJDK Runtime Environment"/>
    <property name="file.encoding" value="UTF-8"/>
    <property name="java.vm.name" value="OpenJDK 64-Bit Server VM"/>
    <property name="localRepository" value="/Users/Leo/.m2/repository"/>
    <property name="java.vendor.url.bug" value="https://bugreport.java.com/bugreport/"/>
    <property name="java.io.tmpdir" value="/var/folders/qd/cx882g9x70l6v816dx7dh0w80000gn/T/"/>
    <property name="java.version" value="15.0.1"/>
    <property name="user.dir" value="/Users/Leo/Resource/GitHub/pa2-chocopy-semantic-analysis-shw"/>
    <property name="os.arch" value="x86_64"/>
    <property name="java.vm.specification.name" value="Java Virtual Machine Specification"/>
    <property name="java.library.path" value="/Users/Leo/Library/Java/Extensions:/Library/Java/Extensions:/Network/Library/Java/Extensions:/System/Library/Java/Extensions:/usr/lib/java:."/>
    <property name="java.vm.info" value="mixed mode, sharing"/>
    <property name="java.vendor" value="N/A"/>
    <property name="java.vm.version" value="15.0.1+9"/>
    <property name="sun.io.unicode.encoding" value="UnicodeBig"/>
    <property name="socksNonProxyHosts" value="local|*.local|169.254/16|*.169.254/16"/>
    <property name="java.class.version" value="59.0"/>
  </properties>
  <testcase name="testTypeCheckSematicallyCorrectMethodDefStatementsWithAFunctionDef" classname="typerule.FunctionDefTypeRuleTest" time="0.001"/>
  <testcase name="testTypeCheckMethodDefStatementsButHasNoParametersShouldHasError" classname="typerule.FunctionDefTypeRuleTest" time="0.001"/>
  <testcase name="testTypeCheckSematicallyCorrectFunctionDefStatements" classname="typerule.FunctionDefTypeRuleTest" time="0"/>
  <testcase name="testTypeCheckMethodDefStatementsButFirstParameterTypeIsNotTheClassTypeShouldHasError" classname="typerule.FunctionDefTypeRuleTest" time="0.001"/>
  <testcase name="testTypeCheckSematicallyCorrectMethodDefStatements" classname="typerule.FunctionDefTypeRuleTest" time="0.001"/>
</testsuite>